warning - no player data for:  7
warning - no player data for:  7
warning - no player data for:  7
warning - no player data for:  7
giving player special worker:  ugho
warning - no player data for:  7
jeff og len:  0
************************************
Inspecting player: 4
Unit count: 90
Unregistered units: 77
Showing removed buildings:
(removed) Ziggurat
(removed) Ziggurat
------------------------------------
************************************
************************************
Inspecting player: 7
Unit count: 95
Unregistered units: 80
************************************
